<?xml version="1.0" encoding="UTF-8"?>
<testsuite xmlns:xsi="http://www.w3.org/2001/XMLSchema-instance" xsi:noNamespaceSchemaLocation="https://maven.apache.org/surefire/maven-surefire-plugin/xsd/surefire-test-report.xsd" version="3.0.2" name="com.example.audit.CustomerProfileAuditJobTest" time="0.135" tests="5" errors="0" skipped="0" failures="0">
  <properties>
[...]
</properties>
  <testcase name="toRowData_sparseEvent_nullFieldsPreserved" classname="com.example.audit.CustomerProfileAuditJobTest" time="0.038">
    <system-err><![CDATA[SLF4J: Class path contains multiple SLF4J bindings.
SLF4J: Found binding in [jar:file:/Users/spoorthibasu/.m2/repository/org/slf4j/slf4j-reload4j/1.7.36/slf4j-reload4j-1.7.36.jar!/org/slf4j/impl/StaticLoggerBinder.class]
SLF4J: Found binding in [jar:file:/Users/spoorthibasu/.m2/repository/org/slf4j/slf4j-log4j12/1.7.25/slf4j-log4j12-1.7.25.jar!/org/slf4j/impl/StaticLoggerBinder.class]
SLF4J: Found binding in [jar:file:/Users/spoorthibasu/.m2/repository/org/apache/logging/log4j/log4j-slf4j-impl/2.24.3/log4j-slf4j-impl-2.24.3.jar!/org/slf4j/impl/StaticLoggerBinder.class]
SLF4J: See http://www.slf4j.org/codes.html#multiple_bindings for an explanation.
SLF4J: Actual binding is of type [org.slf4j.impl.Reload4jLoggerFactory]
]]></system-err>
  </testcase>
  <testcase name="deserializer_validJson" classname="com.example.audit.CustomerProfileAuditJobTest" time="0.085"/>
  <testcase name="toRowData_timestampConvertedToMicroseconds" classname="com.example.audit.CustomerProfileAuditJobTest" time="0.0"/>
  <testcase name="deserializer_sparseJson_missingFieldsAreNull" classname="com.example.audit.CustomerProfileAuditJobTest" time="0.0"/>
  <testcase name="toRowData_allFieldsSet" classname="com.example.audit.CustomerProfileAuditJobTest" time="0.0"/>
</testsuite>